<?xml version="1.0" encoding="UTF-8"?>
<testsuite xmlns:xsi="http://www.w3.org/2001/XMLSchema-instance" xsi:noNamespaceSchemaLocation="https://maven.apache.org/surefire/maven-surefire-plugin/xsd/surefire-test-report-3.0.xsd" version="3.0" name="com.example.back.BackApplicationTests" time="13.057" tests="1" errors="0" skipped="0" failures="0">
  <properties>
[...]
</properties>
  <testcase name="contextLoads" classname="com.example.back.BackApplicationTests" time="1.373">
    <system-out><![CDATA[19:32:28.855 [main] INFO org.springframework.test.context.support.AnnotationConfigContextLoaderUtils -- Could not detect default configuration classes for test class [com.example.back.BackApplicationTests]: BackApplicationTests does not declare any static, non-private, non-final, nested classes annotated with @Configuration.
19:32:29.207 [main] INFO org.springframework.boot.test.context.SpringBootTestContextBootstrapper -- Found @SpringBootConfiguration com.example.back.BackApplication for test class com.example.back.BackApplicationTests

  .   ____          _            __ _ _
 /\\ / ___'_ __ _ _(_)_ __  __ _ \ \ \ \
( ( )\___ | '_ | '_| | '_ \/ _` | \ \ \ \
 \\/  ___)| |_)| | | | | || (_| |  ) ) ) )
  '  |____| .__|_| |_|_| |_\__, | / / / /
 =========|_|==============|___/=/_/_/_/
 :: Spring Boot ::                (v3.2.0)

2024-01-02T19:32:30.351+01:00  INFO 15296 --- [           main] com.example.back.BackApplicationTests    : Starting BackApplicationTests using Java 18.0.2 with PID 15296 (started by ergun in C:\Users\ergun\Desktop\TodoInfra\back)
2024-01-02T19:32:30.354+01:00  INFO 15296 --- [           main] com.example.back.BackApplicationTests    : No active profile set, falling back to 1 default profile: "default"
2024-01-02T19:32:31.913+01:00  INFO 15296 --- [           main] .s.d.r.c.RepositoryConfigurationDelegate : Bootstrapping Spring Data JPA repositories in DEFAULT mode.
2024-01-02T19:32:32.031+01:00  INFO 15296 --- [           main] .s.d.r.c.RepositoryConfigurationDelegate : Finished Spring Data repository scanning in 96 ms. Found 1 JPA repository interface.
2024-01-02T19:32:33.172+01:00  INFO 15296 --- [           main] o.hibernate.jpa.internal.util.LogHelper  : HHH000204: Processing PersistenceUnitInfo [name: default]
2024-01-02T19:32:33.312+01:00  INFO 15296 --- [           main] org.hibernate.Version                    : HHH000412: Hibernate ORM core version 6.3.1.Final
2024-01-02T19:32:33.408+01:00  INFO 15296 --- [           main] o.h.c.internal.RegionFactoryInitiator    : HHH000026: Second-level cache disabled
2024-01-02T19:32:34.120+01:00  INFO 15296 --- [           main] o.s.o.j.p.SpringPersistenceUnitInfo      : No LoadTimeWeaver setup: ignoring JPA class transformer
2024-01-02T19:32:34.192+01:00  INFO 15296 --- [           main] com.zaxxer.hikari.HikariDataSource       : HikariPool-1 - Starting...
2024-01-02T19:32:34.707+01:00  INFO 15296 --- [           main] com.zaxxer.hikari.pool.HikariPool        : HikariPool-1 - Added connection com.mysql.cj.jdbc.ConnectionImpl@40c76f5a
2024-01-02T19:32:34.714+01:00  INFO 15296 --- [           main] com.zaxxer.hikari.HikariDataSource       : HikariPool-1 - Start completed.
2024-01-02T19:32:36.818+01:00  INFO 15296 --- [           main] o.h.e.t.j.p.i.JtaPlatformInitiator       : HHH000489: No JTA platform available (set 'hibernate.transaction.jta.platform' to enable JTA platform integration)
Hibernate: create table post (id bigint not null auto_increment, auteur varchar(255), couleur varchar(255), description TEXT, primary key (id)) engine=InnoDB
2024-01-02T19:32:36.994+01:00  INFO 15296 --- [           main] j.LocalContainerEntityManagerFactoryBean : Initialized JPA EntityManagerFactory for persistence unit 'default'
2024-01-02T19:32:37.815+01:00  WARN 15296 --- [           main] JpaBaseConfiguration$JpaWebConfiguration : spring.jpa.open-in-view is enabled by default. Therefore, database queries may be performed during view rendering. Explicitly configure spring.jpa.open-in-view to disable this warning
2024-01-02T19:32:38.548+01:00  INFO 15296 --- [           main] com.example.back.BackApplicationTests    : Started BackApplicationTests in 8.866 seconds (process running for 12.022)
Hibernate: select count(*) from post p1_0
Hibernate: insert into post (auteur,couleur,description) values (?,?,?)
Hibernate: insert into post (auteur,couleur,description) values (?,?,?)
Hibernate: insert into post (auteur,couleur,description) values (?,?,?)
Hibernate: select p1_0.id,p1_0.auteur,p1_0.couleur,p1_0.description from post p1_0
com.example.back.modele.Post@3420547
com.example.back.modele.Post@186537ac
com.example.back.modele.Post@4733662d
]]></system-out>
  </testcase>
</testsuite>